<?xml version="1.0" encoding="UTF-8"?>
<!-- Generated by org.testng.reporters.JUnitReportReporter -->
<testsuite hostname="L005896" name="learnJiraAPI.JiraAPIs" tests="1" failures="0" timestamp="10 Oct 2020 19:54:46 GMT" time="43.710" errors="0">
  <testcase name="generateSession" time="43.710" classname="learnJiraAPI.JiraAPIs"/>
</testsuite> <!-- learnJiraAPI.JiraAPIs -->
