<?xml version="1.0" encoding="UTF-8"?>
<!-- Generated by org.testng.reporters.JUnitReportReporter -->
<testsuite hostname="L005896" name="apiTest.LearningRestAssured" tests="1" failures="0" timestamp="8 Oct 2020 17:11:08 GMT" time="12.153" errors="0">
  <testcase name="addBook" time="12.153" classname="apiTest.LearningRestAssured"/>
</testsuite> <!-- apiTest.LearningRestAssured -->
